+b main
Breakpoint 1 at 0x40151b: file c:\Users\Sumithra Walke\OneDrive\Documents\GitHub\C_activity_sets\set02\problem03.c, line 40.
+r
Starting program: c:\Users\Sumithra Walke\OneDrive\Documents\GitHub\C_activity_sets\set02/./problem03.exe 
[New Thread 4388.0x264c]
[New Thread 4388.0x2620]
[New Thread 4388.0x23ac]
[New Thread 4388.0x3fd8]

Breakpoint 1, main () at c:\Users\Sumithra Walke\OneDrive\Documents\GitHub\C_activity_sets\set02\problem03.c:40
40	    n=input_number();
+s
input_number () at c:\Users\Sumithra Walke\OneDrive\Documents\GitHub\C_activity_sets\set02\problem03.c:5
5	    printf("enter the number:\n");
+s
6	    scanf("%d",&n);
+s
7	    return n;
+s
8	}
+s
main () at c:\Users\Sumithra Walke\OneDrive\Documents\GitHub\C_activity_sets\set02\problem03.c:41
41	    result=is_composite(n);
+s
is_composite (n=6356940) at c:\Users\Sumithra Walke\OneDrive\Documents\GitHub\C_activity_sets\set02\problem03.c:12
12	  if (n<=1)
+s
16	  for(int i=2;i<=n/2;i++)
+s
18	    if(n % i==0)
+s
20	        return 1;
+s
24	}
+s
main () at c:\Users\Sumithra Walke\OneDrive\Documents\GitHub\C_activity_sets\set02\problem03.c:42
42	    output(n,result);
+s
output (n=6356940, result=1) at c:\Users\Sumithra Walke\OneDrive\Documents\GitHub\C_activity_sets\set02\problem03.c:28
28	    if(result==1)
+s
30	    printf("%d is a composite number.",n);
+s
36	}
+s
main () at c:\Users\Sumithra Walke\OneDrive\Documents\GitHub\C_activity_sets\set02\problem03.c:43
43	    return 0;
+s
44	}+s
0x00401288 in __register_frame_info ()
+s
Single stepping until exit from function __register_frame_info,
which has no line number information.
0x0040128a in __register_frame_info ()
+quit
A debugging session is active.

	Inferior 1 [process 4388] will be killed.

Quit anyway? (y or n) error return ../../gdb-7.6.1/gdb/windows-nat.c:1275 was 5
