+b main
Breakpoint 1 at 0x4014dd: file c:\Users\Sumithra Walke\OneDrive\Documents\GitHub\C_activity_sets\set02\problem05.c, line 26.
+r
Starting program: c:\Users\Sumithra Walke\OneDrive\Documents\GitHub\C_activity_sets\set02/./problem05.exe 
[New Thread 18232.0x2b14]
[New Thread 18232.0x2e64]
[New Thread 18232.0x22e4]
[New Thread 18232.0x46d0]

Breakpoint 1, main () at c:\Users\Sumithra Walke\OneDrive\Documents\GitHub\C_activity_sets\set02\problem05.c:26
26	    a=input();
+s
input () at c:\Users\Sumithra Walke\OneDrive\Documents\GitHub\C_activity_sets\set02\problem05.c:5
5	    printf("Enter the number:");
+s
6	    scanf(" %d",&n);
+s
7	    return n;
+s
8	}
+s
main () at c:\Users\Sumithra Walke\OneDrive\Documents\GitHub\C_activity_sets\set02\problem05.c:27
27	    b=input();
+s
input () at c:\Users\Sumithra Walke\OneDrive\Documents\GitHub\C_activity_sets\set02\problem05.c:5
5	    printf("Enter the number:");
+s
6	    scanf(" %d",&n);
+s
7	    return n;
+s
8	}
+s
main () at c:\Users\Sumithra Walke\OneDrive\Documents\GitHub\C_activity_sets\set02\problem05.c:28
28	    gcd=find_gcd(a,b);
+s
find_gcd (a=6356940, b=6356940) at c:\Users\Sumithra Walke\OneDrive\Documents\GitHub\C_activity_sets\set02\problem05.c:11
11	    while (b != 0) 
+s
13	        int temp = b;
+s
14	        b = a % b;
+s
15	        a = temp;
+s
11	    while (b != 0) 
+s
17	    return a; 
+s
18	}
+s
main () at c:\Users\Sumithra Walke\OneDrive\Documents\GitHub\C_activity_sets\set02\problem05.c:29
29	    output(a,b,gcd);
+s
output (a=6356940, b=6356940, gcd=6356940) at c:\Users\Sumithra Walke\OneDrive\Documents\GitHub\C_activity_sets\set02\problem05.c:21
21	    printf("the gcd of the numbers is %d\n", gcd);
+s
22	}
+s
main () at c:\Users\Sumithra Walke\OneDrive\Documents\GitHub\C_activity_sets\set02\problem05.c:30
30	    return 0;
+s
31	}+s
0x00401288 in __register_frame_info ()
+s
Single stepping until exit from function __register_frame_info,
which has no line number information.
0x0040128a in __register_frame_info ()
+quit
A debugging session is active.

	Inferior 1 [process 18232] will be killed.

Quit anyway? (y or n) error return ../../gdb-7.6.1/gdb/windows-nat.c:1275 was 5
