+b main
Breakpoint 1 at 0x40156f: file c:\Users\Sumithra Walke\OneDrive\Documents\GitHub\C_activity_sets\set04\problem05.c, line 32.
+r
Starting program: c:\Users\Sumithra Walke\OneDrive\Documents\GitHub\C_activity_sets\set04/./problem05.exe 
[New Thread 24396.0x61cc]
[New Thread 24396.0x63f8]
[New Thread 24396.0x3030]
[New Thread 24396.0x4e50]

Breakpoint 1, 0x0040156f in main () at c:\Users\Sumithra Walke\OneDrive\Documents\GitHub\C_activity_sets\set04\problem05.c:32
32	int main() {
+s
33	    int n = input_size();
+s
input_size () at c:\Users\Sumithra Walke\OneDrive\Documents\GitHub\C_activity_sets\set04\problem05.c:5
5	    printf("Enter the size of the array: ");
+s
6	    scanf("%d", &n);
+s
7	    return n;
+s
8	}
+s
main () at c:\Users\Sumithra Walke\OneDrive\Documents\GitHub\C_activity_sets\set04\problem05.c:34
34	    int array[n];
+s
__chkstk_ms () at ../../../src/gcc-6.3.0/libgcc/config/i386/cygwin.S:163
163	../../../src/gcc-6.3.0/libgcc/config/i386/cygwin.S: No such file or directory.
+s
165	in ../../../src/gcc-6.3.0/libgcc/config/i386/cygwin.S
+s
167	in ../../../src/gcc-6.3.0/libgcc/config/i386/cygwin.S
+s
168	in ../../../src/gcc-6.3.0/libgcc/config/i386/cygwin.S
+s
169	in ../../../src/gcc-6.3.0/libgcc/config/i386/cygwin.S
+s
177	in ../../../src/gcc-6.3.0/libgcc/config/i386/cygwin.S
+s
178	in ../../../src/gcc-6.3.0/libgcc/config/i386/cygwin.S
+5
Undefined command: "5".  Try "help".
+s
180	in ../../../src/gcc-6.3.0/libgcc/config/i386/cygwin.S
+set logging enabled off
Undefined set logging command: "enabled off".  Try "help set logging".
+set loggin off
