+b main
Breakpoint 1 at 0x40150b: file c:\Users\Sumithra Walke\OneDrive\Documents\GitHub\C_activity_sets\set03\problem04.c, line 31.
+r
Starting program: c:\Users\Sumithra Walke\OneDrive\Documents\GitHub\C_activity_sets\set03/./problem04.exe 
[New Thread 3776.0x4494]
[New Thread 3776.0x58e4]
[New Thread 3776.0x4d70]
[New Thread 3776.0x293c]

Breakpoint 1, main () at c:\Users\Sumithra Walke\OneDrive\Documents\GitHub\C_activity_sets\set03\problem04.c:31
31	   n=input();
+s
input () at c:\Users\Sumithra Walke\OneDrive\Documents\GitHub\C_activity_sets\set03\problem04.c:5
5	    printf("Enter the nth number:\n");
+s
6	    scanf("%d",&n);
+s
7	    return n;
+s
8	}
+s
main () at c:\Users\Sumithra Walke\OneDrive\Documents\GitHub\C_activity_sets\set03\problem04.c:32
32	   fibo=find_fibo(n);
+s
find_fibo (n=6356940) at c:\Users\Sumithra Walke\OneDrive\Documents\GitHub\C_activity_sets\set03\problem04.c:11
11	   int f0=0,f1=1,f;
+s
12	   if(n==0)
+s
16	   for(int i=2;i<=n;i++)
+s
18	    f=f0+f1;
+s
19	    f0=f1;
+s
20	    f1=f;
+s
16	   for(int i=2;i<=n;i++)
+s
18	    f=f0+f1;
+s
19	    f0=f1;
+s
20	    f1=f;
+s
16	   for(int i=2;i<=n;i++)
+s
18	    f=f0+f1;
+s
19	    f0=f1;
+s
20	    f1=f;
+s
16	   for(int i=2;i<=n;i++)
+s
18	    f=f0+f1;
+s
19	    f0=f1;
+s
20	    f1=f;
+s
16	   for(int i=2;i<=n;i++)
+s
18	    f=f0+f1;
+s
19	    f0=f1;
+s
20	    f1=f;
+s
16	   for(int i=2;i<=n;i++)
+s
18	    f=f0+f1;
+s
19	    f0=f1;
+s
20	    f1=f;
+s
16	   for(int i=2;i<=n;i++)
+s
18	    f=f0+f1;
+s
19	    f0=f1;
+s
20	    f1=f;
+s
16	   for(int i=2;i<=n;i++)
+s
18	    f=f0+f1;
+p f=5
$1 = 5
+s
19	    f0=f1;
+s
20	    f1=f;
+s
16	   for(int i=2;i<=n;i++)
+s
18	    f=f0+f1;
+s
19	    f0=f1;
+s
20	    f1=f;
+s
16	   for(int i=2;i<=n;i++)
+s
18	    f=f0+f1;
+s
19	    f0=f1;
+s
20	    f1=f;
+s
16	   for(int i=2;i<=n;i++)
+s
18	    f=f0+f1;
+s
19	    f0=f1;
+s
20	    f1=f;
+s
16	   for(int i=2;i<=n;i++)
+s
18	    f=f0+f1;
+s
19	    f0=f1;
+s
20	    f1=f;
+s
16	   for(int i=2;i<=n;i++)
+s
18	    f=f0+f1;
+s
19	    f0=f1;
+set logging enabled off
Undefined set logging command: "enabled off".  Try "help set logging".
+set loggin off
