Undefined command: "bset".  Try "help".
+b main
Breakpoint 1 at 0x4015a3: file c:\Users\Sumithra Walke\OneDrive\Documents\GitHub\C_activity_sets\set03\problem05.c, line 49.
+r
Starting program: c:\Users\Sumithra Walke\OneDrive\Documents\GitHub\C_activity_sets\set03/./problem05.exe 
[New Thread 13292.0x41e0]
[New Thread 13292.0x37f4]
[New Thread 13292.0x47dc]
[New Thread 13292.0xaa4]

Breakpoint 1, main () at c:\Users\Sumithra Walke\OneDrive\Documents\GitHub\C_activity_sets\set03\problem05.c:49
49	    n=input_array_size();
+s
input_array_size () at c:\Users\Sumithra Walke\OneDrive\Documents\GitHub\C_activity_sets\set03\problem05.c:5
5	    printf("Enter the array size:");
+s
6	    scanf("%d",&n);
+s
7	    return n;
+s
8	}
+s
main () at c:\Users\Sumithra Walke\OneDrive\Documents\GitHub\C_activity_sets\set03\problem05.c:50
50	    init_array(n,a);
+s
init_array (n=6649957, a=0x61fd8c) at c:\Users\Sumithra Walke\OneDrive\Documents\GitHub\C_activity_sets\set03\problem05.c:11
11	    for(int i=2;i<=n;i++)
+s
13	        a[i]=1;
+s
11	    for(int i=2;i<=n;i++)
+s
13	        a[i]=1;
+s
11	    for(int i=2;i<=n;i++)
+s
13	        a[i]=1;
+s
11	    for(int i=2;i<=n;i++)
+s
13	        a[i]=1;
+ss
Undefined command: "ss".  Try "help".
+s
11	    for(int i=2;i<=n;i++)
+s
13	        a[i]=1;
+s
11	    for(int i=2;i<=n;i++)
+s
13	        a[i]=1;
+s
11	    for(int i=2;i<=n;i++)
+s
13	        a[i]=1;
+s
11	    for(int i=2;i<=n;i++)
+s
13	        a[i]=1;
+s
11	    for(int i=2;i<=n;i++)
+s
13	        a[i]=1;
+s
11	    for(int i=2;i<=n;i++)
+s
13	        a[i]=1;
+set logging enabled off
Undefined set logging command: "enabled off".  Try "help set logging".
+set loggin off
