+b main
Breakpoint 1 at 0x4014e8: file c:\Users\Sumithra Walke\OneDrive\Documents\GitHub\C_activity_sets\set01\problem07.c, line 25.
+r
Starting program: c:\Users\Sumithra Walke\OneDrive\Documents\GitHub\C_activity_sets\set01/./problem07.exe 
[New Thread 21252.0x1628]
[New Thread 21252.0x57f8]
[New Thread 21252.0x2424]
[New Thread 21252.0x4844]

Breakpoint 1, main () at c:\Users\Sumithra Walke\OneDrive\Documents\GitHub\C_activity_sets\set01\problem07.c:25
25	    n=input_n();
+s
input_n () at c:\Users\Sumithra Walke\OneDrive\Documents\GitHub\C_activity_sets\set01\problem07.c:5
5	    printf("Enter the the number:\n");
+s
6	    scanf("%d",&n);
+s
7	    return n;
+s
8	}
+s
main () at c:\Users\Sumithra Walke\OneDrive\Documents\GitHub\C_activity_sets\set01\problem07.c:26
26	    sum=sum_n_nos(n);
+s
sum_n_nos (n=6356940) at c:\Users\Sumithra Walke\OneDrive\Documents\GitHub\C_activity_sets\set01\problem07.c:11
11	    int sum=0;
+s
12	    for(int i=0;i<=n;i++)
+s
14	        sum += i;
+s
12	    for(int i=0;i<=n;i++)
+s
14	        sum += i;
+s
12	    for(int i=0;i<=n;i++)
+s
14	        sum += i;
+s
12	    for(int i=0;i<=n;i++)
+s
14	        sum += i;
+s
12	    for(int i=0;i<=n;i++)
+s
14	        sum += i;
+s
12	    for(int i=0;i<=n;i++)
+s
14	        sum += i;
+s
12	    for(int i=0;i<=n;i++)
+s
14	        sum += i;
+s
12	    for(int i=0;i<=n;i++)
+s
14	        sum += i;
+s
12	    for(int i=0;i<=n;i++)
+s
14	        sum += i;
+s
12	    for(int i=0;i<=n;i++)
+s
14	        sum += i;
+s
12	    for(int i=0;i<=n;i++)
