+b main
Breakpoint 1 at 0x401576: file c:\Users\Sumithra Walke\OneDrive\Documents\GitHub\C_activity_sets\set01\problem10.c, line 40.
+r
Starting program: c:\Users\Sumithra Walke\OneDrive\Documents\GitHub\C_activity_sets\set01/./problem10.exe 
[New Thread 8348.0x4c54]
[New Thread 8348.0x4bf0]
[New Thread 8348.0x2f50]
[New Thread 8348.0x5b10]

Breakpoint 1, main () at c:\Users\Sumithra Walke\OneDrive\Documents\GitHub\C_activity_sets\set01\problem10.c:40
40	    input_two_strings(string1,string2);
+s
input_two_strings (string1=0x61feb8 "\034“Ìvüþa", string2=0x61fe54 "±žÚ•¨þa")
    at c:\Users\Sumithra Walke\OneDrive\Documents\GitHub\C_activity_sets\set01\problem10.c:4
4	    printf("Enter the 1st string: ");
+s
5	    scanf("%s",string1);
+s
6	    printf("Enter the 2nd string: ");
+s
7	    scanf("%s",string2);
+s
8	}
+s
main () at c:\Users\Sumithra Walke\OneDrive\Documents\GitHub\C_activity_sets\set01\problem10.c:41
41	    result=stringcompare(string1,string2);
+s
stringcompare (string1=0x61feb8 "s", string2=0x61fe54 "s") at c:\Users\Sumithra Walke\OneDrive\Documents\GitHub\C_activity_sets\set01\problem10.c:11
11	    int i=0;
+s
12	    while(string1[i]==string2[i])
+s
14	        if(string1[i]=='\0')
+s
18	        i++;
+s
12	    while(string1[i]==string2[i])
+s
14	        if(string1[i]=='\0')
+s
16	            return 0;
+ss
Undefined command: "ss".  Try "help".
+s
21	}
+s
main () at c:\Users\Sumithra Walke\OneDrive\Documents\GitHub\C_activity_sets\set01\problem10.c:42
42	    output(string1,string2,result);
+s
output (string1=0x61feb8 "s", string2=0x61fe54 "s", result=0) at c:\Users\Sumithra Walke\OneDrive\Documents\GitHub\C_activity_sets\set01\problem10.c:24
24	    if(result<0)
+s
27	    }else if (result>0)
+s
32	      printf("both the strings are equal \n ");
+s
35	}
+s
main () at c:\Users\Sumithra Walke\OneDrive\Documents\GitHub\C_activity_sets\set01\problem10.c:43
43	    return 0;
+s
44	}+s
0x00401288 in __register_frame_info ()
+s
Single stepping until exit from function __register_frame_info,
which has no line number information.
0x0040128a in __register_frame_info ()
+quit
A debugging session is active.

	Inferior 1 [process 8348] will be killed.

Quit anyway? (y or n) error return ../../gdb-7.6.1/gdb/windows-nat.c:1275 was 5
