+b main
Breakpoint 1 at 0x4014cf
+r
Starting program: c:\Users\Sumithra Walke\OneDrive\Documents\GitHub\C_activity_sets\set01/./problem04.exe 
[New Thread 8544.0x4cc0]
[New Thread 8544.0x1d6c]
[New Thread 8544.0x2574]
[New Thread 8544.0x2654]

Breakpoint 1, 0x004014cf in main ()
+n
Single stepping until exit from function main,
which has no line number information.
0x00401288 in __register_frame_info ()
+b 2
Breakpoint 2 at 0x4020b0: file ../../../src/gcc-6.3.0/libgcc/config/i386/cygwin.S, line 2.
+b 9
Note: breakpoint 2 also set at pc 0x4020b0.
Breakpoint 3 at 0x4020b0: file ../../../src/gcc-6.3.0/libgcc/config/i386/cygwin.S, line 9.
+b 14
Note: breakpoints 2 and 3 also set at pc 0x4020b0.
Breakpoint 4 at 0x4020b0: file ../../../src/gcc-6.3.0/libgcc/config/i386/cygwin.S, line 14.
+r
The program being debugged has been started already.
Start it from the beginning? (y or n) error return ../../gdb-7.6.1/gdb/windows-nat.c:1275 was 5
Starting program: c:\Users\Sumithra Walke\OneDrive\Documents\GitHub\C_activity_sets\set01/./problem04.exe 
[New Thread 9048.0xa60]
[New Thread 9048.0x4b64]
[New Thread 9048.0x1eec]
[New Thread 9048.0x2fe4]

Breakpoint 2, __chkstk_ms () at ../../../src/gcc-6.3.0/libgcc/config/i386/cygwin.S:163
163	../../../src/gcc-6.3.0/libgcc/config/i386/cygwin.S: No such file or directory.
