+b main
Breakpoint 1 at 0x40158a: file c:\Users\Sumithra Walke\OneDrive\Documents\GitHub\C_activity_sets\set01\problem08.c, line 42.
+r
Starting program: c:\Users\Sumithra Walke\OneDrive\Documents\GitHub\C_activity_sets\set01/./problem08.exe 
[New Thread 10372.0xb44]
[New Thread 10372.0x201c]
[New Thread 10372.0x980]
[New Thread 10372.0x5b1c]

Breakpoint 1, main () at c:\Users\Sumithra Walke\OneDrive\Documents\GitHub\C_activity_sets\set01\problem08.c:42
42	    n=input_array_size();
+s
input_array_size () at c:\Users\Sumithra Walke\OneDrive\Documents\GitHub\C_activity_sets\set01\problem08.c:5
5	   printf("Input array size: ");
+s
6	   scanf("%d",&n);
+s
7	   return n; 
+s
8	}
+s
main () at c:\Users\Sumithra Walke\OneDrive\Documents\GitHub\C_activity_sets\set01\problem08.c:43
43	    input_array(n,a);
+s
input_array (n=6649957, a=0x61fd88) at c:\Users\Sumithra Walke\OneDrive\Documents\GitHub\C_activity_sets\set01\problem08.c:11
11	    printf("Input the array: ");
+s
12	  for(int i=0;i<n;i++)
+s
14	    scanf("%d",&a[i]);
+s
12	  for(int i=0;i<n;i++)
+s
14	    scanf("%d",&a[i]);
+s
12	  for(int i=0;i<n;i++)
+s
14	    scanf("%d",&a[i]);
+s
12	  for(int i=0;i<n;i++)
+quit
A debugging session is active.

	Inferior 1 [process 10372] will be killed.

Quit anyway? (y or n) error return ../../gdb-7.6.1/gdb/windows-nat.c:1275 was 5
