+b main
Breakpoint 1 at 0x40150e: file c:\Users\Sumithra Walke\OneDrive\Documents\GitHub\C_activity_sets\set01\problem11.c, line 29.
+r
Starting program: c:\Users\Sumithra Walke\OneDrive\Documents\GitHub\C_activity_sets\set01/./problem11.exe 
[New Thread 21572.0x54bc]
[New Thread 21572.0x56f4]
[New Thread 21572.0x744]
[New Thread 21572.0x1004]

Breakpoint 1, main () at c:\Users\Sumithra Walke\OneDrive\Documents\GitHub\C_activity_sets\set01\problem11.c:29
29	    a=input_complex();
+s
input_complex () at c:\Users\Sumithra Walke\OneDrive\Documents\GitHub\C_activity_sets\set01\problem11.c:11
11	    printf("Enter the Real and imaginary part of the number: ");
+s
12	    scanf("%f %f",&a.real,&a.imaginary);
+s
13	    return a;
+s
14	}
+s
main () at c:\Users\Sumithra Walke\OneDrive\Documents\GitHub\C_activity_sets\set01\problem11.c:30
30	    b=input_complex();
+s
input_complex () at c:\Users\Sumithra Walke\OneDrive\Documents\GitHub\C_activity_sets\set01\problem11.c:11
11	    printf("Enter the Real and imaginary part of the number: ");
+s
12	    scanf("%f %f",&a.real,&a.imaginary);
+s
13	    return a;
+s
14	}
+s
main () at c:\Users\Sumithra Walke\OneDrive\Documents\GitHub\C_activity_sets\set01\problem11.c:31
31	    sum=add_complex(a,b);
+s
add_complex (a=..., b=...) at c:\Users\Sumithra Walke\OneDrive\Documents\GitHub\C_activity_sets\set01\problem11.c:18
18	    sum.real=a.real+b.real;
+s
19	    sum.imaginary=a.imaginary+b.imaginary;
+s
20	    return sum;
+s
21	}
+s
main () at c:\Users\Sumithra Walke\OneDrive\Documents\GitHub\C_activity_sets\set01\problem11.c:32
32	    output(a,b,sum);
+s
output (a=..., b=..., sum=...) at c:\Users\Sumithra Walke\OneDrive\Documents\GitHub\C_activity_sets\set01\problem11.c:24
24	    printf("The sum of %f+%fi and %.2f+%.2fi is %.2f+%.2fi",a.real,a.imaginary,b.real,b.imaginary,sum.real,sum.imaginary);
+s
25	}
+s
main () at c:\Users\Sumithra Walke\OneDrive\Documents\GitHub\C_activity_sets\set01\problem11.c:33
33	    return 0;
+s
34	}+s
0x00401288 in __register_frame_info ()
+s
Single stepping until exit from function __register_frame_info,
which has no line number information.
0x0040128a in __register_frame_info ()
+quit
A debugging session is active.

	Inferior 1 [process 21572] will be killed.

Quit anyway? (y or n) error return ../../gdb-7.6.1/gdb/windows-nat.c:1275 was 5
+b main
Breakpoint 1 at 0x40150e: file c:\Users\Sumithra Walke\OneDrive\Documents\GitHub\C_activity_sets\set01\problem11.c, line 29.
+r
Starting program: c:\Users\Sumithra Walke\OneDrive\Documents\GitHub\C_activity_sets\set01/./problem11.exe 
[New Thread 22044.0x4464]
[New Thread 22044.0x5978]
[New Thread 22044.0x5ce4]
[New Thread 22044.0x2a90]

Breakpoint 1, main () at c:\Users\Sumithra Walke\OneDrive\Documents\GitHub\C_activity_sets\set01\problem11.c:29
29	    a=input_complex();
+s
input_complex () at c:\Users\Sumithra Walke\OneDrive\Documents\GitHub\C_activity_sets\set01\problem11.c:11
11	    printf("Enter the Real and imaginary part of the number: ");
+s
12	    scanf("%f %f",&n.real,&n.imaginary);
+s
13	    return n;
+s
14	}
+s
main () at c:\Users\Sumithra Walke\OneDrive\Documents\GitHub\C_activity_sets\set01\problem11.c:30
30	    b=input_complex();
+s
input_complex () at c:\Users\Sumithra Walke\OneDrive\Documents\GitHub\C_activity_sets\set01\problem11.c:11
11	    printf("Enter the Real and imaginary part of the number: ");
+s
12	    scanf("%f %f",&n.real,&n.imaginary);
+s
13	    return n;
+s
14	}
+s
main () at c:\Users\Sumithra Walke\OneDrive\Documents\GitHub\C_activity_sets\set01\problem11.c:31
31	    sum=add_complex(a,b);
+s
add_complex (a=..., b=...) at c:\Users\Sumithra Walke\OneDrive\Documents\GitHub\C_activity_sets\set01\problem11.c:18
18	    sum.real=a.real+b.real;
+s
19	    sum.imaginary=a.imaginary+b.imaginary;
+s
20	    return sum;
+s
21	}
+s
main () at c:\Users\Sumithra Walke\OneDrive\Documents\GitHub\C_activity_sets\set01\problem11.c:32
32	    output(a,b,sum);
+s
output (a=..., b=..., sum=...) at c:\Users\Sumithra Walke\OneDrive\Documents\GitHub\C_activity_sets\set01\problem11.c:24
24	    printf("The sum of %f+%fi and %.2f+%.2fi is %.2f+%.2fi",a.real,a.imaginary,b.real,b.imaginary,sum.real,sum.imaginary);
+s
25	}
+s
main () at c:\Users\Sumithra Walke\OneDrive\Documents\GitHub\C_activity_sets\set01\problem11.c:33
33	    return 0;
+s
34	}+s
0x00401288 in __register_frame_info ()
+s
Single stepping until exit from function __register_frame_info,
which has no line number information.
0x0040128a in __register_frame_info ()
+set logging enabled off
Undefined set logging command: "enabled off".  Try "help set logging".
+set loggin off
