+b main
Breakpoint 1 at 0x401619: file c:\Users\Sumithra Walke\OneDrive\Documents\GitHub\C_activity_sets\set01\problem12.c, line 55.
+r
Starting program: c:\Users\Sumithra Walke\OneDrive\Documents\GitHub\C_activity_sets\set01/./problem12.exe 
[New Thread 16676.0x2514]
[New Thread 16676.0x51b8]
[New Thread 16676.0x3ccc]
[New Thread 16676.0x37dc]

Breakpoint 1, 0x00401619 in main () at c:\Users\Sumithra Walke\OneDrive\Documents\GitHub\C_activity_sets\set01\problem12.c:55
55	 {
+s
56	    int n = get_n(); 
+s
get_n () at c:\Users\Sumithra Walke\OneDrive\Documents\GitHub\C_activity_sets\set01\problem12.c:12
12	    printf("Enter the number of complex numbers: ");
+s
13	    scanf("%d", &n);
+s
14	    return n;
+s
15	}
+s
main () at c:\Users\Sumithra Walke\OneDrive\Documents\GitHub\C_activity_sets\set01\problem12.c:57
57	    Complex complex_numbers[n];
+s
__chkstk_ms () at ../../../src/gcc-6.3.0/libgcc/config/i386/cygwin.S:163
163	../../../src/gcc-6.3.0/libgcc/config/i386/cygwin.S: No such file or directory.
+s
165	in ../../../src/gcc-6.3.0/libgcc/config/i386/cygwin.S
+s
167	in ../../../src/gcc-6.3.0/libgcc/config/i386/cygwin.S
+quit
A debugging session is active.

	Inferior 1 [process 16676] will be killed.

Quit anyway? (y or n) error return ../../gdb-7.6.1/gdb/windows-nat.c:1275 was 5
