+cd "c:\Users\Sumithra Walke\OneDrive\Documents\GitHub\C_activity_sets\set01"
"c:\Users\Sumithra Walke\OneDrive\Documents\GitHub\C_activity_sets\set01": Invalid argument.
+gcc -g "c:\Users\Sumithra Walke\OneDrive\Documents\GitHub\C_activity_sets\set01\problem01.c" -o "c:\Users\Sumithra Walke\OneDrive\Documents\GitHub\C_activity_sets\set01\problem01.exe" 2>&1
Undefined command: "gcc".  Try "help".
+"c:\Users\Sumithra Walke\OneDrive\Documents\GitHub\C_activity_sets\set01\problem01.exe"
Undefined command: "".  Try "help".
+git add .
Undefined command: "git".  Try "help".
+git commit -m "committed 1/22/2024, 10:16:47 AM"
Undefined command: "git".  Try "help".
+git push
Undefined command: "git".  Try "help".
+git add .
Undefined command: "git".  Try "help".
+git commit -m "committed 1/22/2024, 10:16:54 AM"
Undefined command: "git".  Try "help".
+git push
Undefined command: "git".  Try "help".
+cd "c:\Users\Sumithra Walke\OneDrive\Documents\GitHub\C_activity_sets\set01"
"c:\Users\Sumithra Walke\OneDrive\Documents\GitHub\C_activity_sets\set01": Invalid argument.
+gdb ./problem01
Undefined command: "gdb".  Try "help".
+c
The program is not being run.
+set logging file problem01_debug.log
+set logging enabled on
Undefined set logging command: "enabled on".  Try "help set logging".
+set logging on
Already logging to problem01_debug.log.
+set trace-commands on
+cd "c:\Users\Sumithra Walke\OneDrive\Documents\GitHub\C_activity_sets\set01"
"c:\Users\Sumithra Walke\OneDrive\Documents\GitHub\C_activity_sets\set01": Invalid argument.
+gdb ./problem01
Undefined command: "gdb".  Try "help".
+c
The program is not being run.
+set logging file problem01_debug.log
+set logging enabled on
Undefined set logging command: "enabled on".  Try "help set logging".
+set logging on
Already logging to problem01_debug.log.
+set trace-commands on
+r
`c:\Users\Sumithra Walke\OneDrive\Documents\GitHub\C_activity_sets\set01\problem01.exe' has changed; re-reading symbols.
Starting program: c:\Users\Sumithra Walke\OneDrive\Documents\GitHub\C_activity_sets\set01\problem01.exe 
[New Thread 8124.0x7a8]
[New Thread 8124.0x1900]
[New Thread 8124.0x4188]
[New Thread 8124.0xa1c]
[Inferior 1 (process 8124) exited normally]
+s
The program is not being run.
+s
The program is not being run.
+r
Starting program: c:\Users\Sumithra Walke\OneDrive\Documents\GitHub\C_activity_sets\set01\problem01.exe 
[New Thread 15904.0x4288]
[New Thread 15904.0x26b4]
[New Thread 15904.0x1620]
[New Thread 15904.0x16c]
[Inferior 1 (process 15904) exited normally]
+set logging enabled off
Undefined set logging command: "enabled off".  Try "help set logging".
+set loggin off
